<?xml version="1.0" encoding="UTF-8"?>
<testng-results ignored="0" total="1" passed="1" failed="0" skipped="0">
  <reporter-output>
  </reporter-output>
  <suite started-at="2023-10-27T12:38:56 IST" name="Default suite" finished-at="2023-10-27T12:41:11 IST" duration-ms="135529">
    <groups>
    </groups>
    <test started-at="2023-10-27T12:38:56 IST" name="Default test" finished-at="2023-10-27T12:41:11 IST" duration-ms="135529">
      <class name="Module1.DEVFrontDeskTest">
        <test-method is-config="true" signature="EnterUrl()[pri:0, instance:Module1.DEVFrontDeskTest@5afa3c9]" started-at="2023-10-27T12:38:56 IST" name="EnterUrl" finished-at="2023-10-27T12:40:32 IST" duration-ms="96242" status="PASS">
          <reporter-output>
          </reporter-output>
        </test-method> <!-- EnterUrl -->
        <test-method signature="CreatePatientByUploadingPhotoClip()[pri:2, instance:Module1.DEVFrontDeskTest@5afa3c9]" started-at="2023-10-27T12:40:32 IST" name="CreatePatientByUploadingPhotoClip" finished-at="2023-10-27T12:41:11 IST" duration-ms="39193" status="PASS">
          <reporter-output>
          </reporter-output>
        </test-method> <!-- CreatePatientByUploadingPhotoClip -->
      </class> <!-- Module1.DEVFrontDeskTest -->
    </test> <!-- Default test -->
  </suite> <!-- Default suite -->
</testng-results>
